Determining if the pthread_create exist failed with the following output:
Change Dir: /home/mypc/Robocon2019/MR2_project_V1.0/build/CMakeFiles/CMakeTmp

Run Build Command:"/usr/bin/make" "cmTC_ef271/fast"
/usr/bin/make -f CMakeFiles/cmTC_ef271.dir/build.make CMakeFiles/cmTC_ef271.dir/build
make[1]: Entering directory '/home/mypc/Robocon2019/MR2_project_V1.0/build/CMakeFiles/CMakeTmp'
Building C object CMakeFiles/cmTC_ef271.dir/CheckSymbolExists.c.o
/usr/bin/cc     -o CMakeFiles/cmTC_ef271.dir/CheckSymbolExists.c.o   -c /home/mypc/Robocon2019/MR2_project_V1.0/build/CMakeFiles/CMakeTmp/CheckSymbolExists.c
Linking C executable cmTC_ef271
/usr/bin/cmake -E cmake_link_script CMakeFiles/cmTC_ef271.dir/link.txt --verbose=1
/usr/bin/cc       CMakeFiles/cmTC_ef271.dir/CheckSymbolExists.c.o  -o cmTC_ef271 -rdynamic 
CMakeFiles/cmTC_ef271.dir/CheckSymbolExists.c.o：在函数‘main’中：
CheckSymbolExists.c:(.text+0x16)：对‘pthread_create’未定义的引用
collect2: error: ld returned 1 exit status
CMakeFiles/cmTC_ef271.dir/build.make:97: recipe for target 'cmTC_ef271' failed
make[1]: *** [cmTC_ef271] Error 1
make[1]: Leaving directory '/home/mypc/Robocon2019/MR2_project_V1.0/build/CMakeFiles/CMakeTmp'
Makefile:126: recipe for target 'cmTC_ef271/fast' failed
make: *** [cmTC_ef271/fast] Error 2

File /home/mypc/Robocon2019/MR2_project_V1.0/build/CMakeFiles/CMakeTmp/CheckSymbolExists.c:
/* */
#include <pthread.h>

int main(int argc, char** argv)
{
  (void)argv;
#ifndef pthread_create
  return ((int*)(&pthread_create))[argc];
#else
  (void)argc;
  return 0;
#endif
}

Determining if the function pthread_create exists in the pthreads failed with the following output:
Change Dir: /home/mypc/Robocon2019/MR2_project_V1.0/build/CMakeFiles/CMakeTmp

Run Build Command:"/usr/bin/make" "cmTC_e72ba/fast"
/usr/bin/make -f CMakeFiles/cmTC_e72ba.dir/build.make CMakeFiles/cmTC_e72ba.dir/build
make[1]: Entering directory '/home/mypc/Robocon2019/MR2_project_V1.0/build/CMakeFiles/CMakeTmp'
Building C object CMakeFiles/cmTC_e72ba.dir/CheckFunctionExists.c.o
/usr/bin/cc    -DCHECK_FUNCTION_EXISTS=pthread_create   -o CMakeFiles/cmTC_e72ba.dir/CheckFunctionExists.c.o   -c /usr/share/cmake-3.5/Modules/CheckFunctionExists.c
Linking C executable cmTC_e72ba
/usr/bin/cmake -E cmake_link_script CMakeFiles/cmTC_e72ba.dir/link.txt --verbose=1
/usr/bin/cc   -DCHECK_FUNCTION_EXISTS=pthread_create    CMakeFiles/cmTC_e72ba.dir/CheckFunctionExists.c.o  -o cmTC_e72ba -rdynamic -lpthreads 
/usr/bin/ld: 找不到 -lpthreads
collect2: error: ld returned 1 exit status
CMakeFiles/cmTC_e72ba.dir/build.make:97: recipe for target 'cmTC_e72ba' failed
make[1]: *** [cmTC_e72ba] Error 1
make[1]: Leaving directory '/home/mypc/Robocon2019/MR2_project_V1.0/build/CMakeFiles/CMakeTmp'
Makefile:126: recipe for target 'cmTC_e72ba/fast' failed
make: *** [cmTC_e72ba/fast] Error 2


